2024-06-18 10:42:18,826 - DEBUG - Looking for locale `en_US` in provider `faker.providers.address`.
2024-06-18 10:42:18,838 - DEBUG - Provider `faker.providers.address` has been localized to `en_US`.
2024-06-18 10:42:18,842 - DEBUG - Looking for locale `en_US` in provider `faker.providers.automotive`.
2024-06-18 10:42:18,843 - DEBUG - Provider `faker.providers.automotive` has been localized to `en_US`.
2024-06-18 10:42:18,843 - DEBUG - Looking for locale `en_US` in provider `faker.providers.bank`.
2024-06-18 10:42:18,843 - DEBUG - Specified locale `en_US` is not available for provider `faker.providers.bank`. Locale reset to `en_GB` for this provider.
2024-06-18 10:42:18,843 - DEBUG - Looking for locale `en_US` in provider `faker.providers.barcode`.
2024-06-18 10:42:18,843 - DEBUG - Provider `faker.providers.barcode` has been localized to `en_US`.
2024-06-18 10:42:18,843 - DEBUG - Looking for locale `en_US` in provider `faker.providers.color`.
2024-06-18 10:42:18,843 - DEBUG - Provider `faker.providers.color` has been localized to `en_US`.
2024-06-18 10:42:18,843 - DEBUG - Looking for locale `en_US` in provider `faker.providers.company`.
2024-06-18 10:42:18,843 - DEBUG - Provider `faker.providers.company` has been localized to `en_US`.
2024-06-18 10:42:18,843 - DEBUG - Looking for locale `en_US` in provider `faker.providers.credit_card`.
2024-06-18 10:42:18,843 - DEBUG - Provider `faker.providers.credit_card` has been localized to `en_US`.
2024-06-18 10:42:18,843 - DEBUG - Looking for locale `en_US` in provider `faker.providers.currency`.
2024-06-18 10:42:18,858 - DEBUG - Provider `faker.providers.currency` has been localized to `en_US`.
2024-06-18 10:42:18,858 - DEBUG - Looking for locale `en_US` in provider `faker.providers.date_time`.
2024-06-18 10:42:18,858 - DEBUG - Provider `faker.providers.date_time` has been localized to `en_US`.
2024-06-18 10:42:18,858 - DEBUG - Provider `faker.providers.emoji` does not feature localization. Specified locale `en_US` is not utilized for this provider.
2024-06-18 10:42:18,858 - DEBUG - Provider `faker.providers.file` does not feature localization. Specified locale `en_US` is not utilized for this provider.
2024-06-18 10:42:18,858 - DEBUG - Looking for locale `en_US` in provider `faker.providers.geo`.
2024-06-18 10:42:18,858 - DEBUG - Provider `faker.providers.geo` has been localized to `en_US`.
2024-06-18 10:42:18,858 - DEBUG - Looking for locale `en_US` in provider `faker.providers.internet`.
2024-06-18 10:42:18,858 - DEBUG - Provider `faker.providers.internet` has been localized to `en_US`.
2024-06-18 10:42:18,858 - DEBUG - Provider `faker.providers.isbn` does not feature localization. Specified locale `en_US` is not utilized for this provider.
2024-06-18 10:42:18,858 - DEBUG - Looking for locale `en_US` in provider `faker.providers.job`.
2024-06-18 10:42:18,858 - DEBUG - Provider `faker.providers.job` has been localized to `en_US`.
2024-06-18 10:42:18,858 - DEBUG - Looking for locale `en_US` in provider `faker.providers.lorem`.
2024-06-18 10:42:18,874 - DEBUG - Provider `faker.providers.lorem` has been localized to `en_US`.
2024-06-18 10:42:18,874 - DEBUG - Looking for locale `en_US` in provider `faker.providers.misc`.
2024-06-18 10:42:18,874 - DEBUG - Provider `faker.providers.misc` has been localized to `en_US`.
2024-06-18 10:42:18,874 - DEBUG - Looking for locale `en_US` in provider `faker.providers.passport`.
2024-06-18 10:42:18,874 - DEBUG - Provider `faker.providers.passport` has been localized to `en_US`.
2024-06-18 10:42:18,874 - DEBUG - Looking for locale `en_US` in provider `faker.providers.person`.
2024-06-18 10:42:18,874 - DEBUG - Provider `faker.providers.person` has been localized to `en_US`.
2024-06-18 10:42:18,874 - DEBUG - Looking for locale `en_US` in provider `faker.providers.phone_number`.
2024-06-18 10:42:18,874 - DEBUG - Provider `faker.providers.phone_number` has been localized to `en_US`.
2024-06-18 10:42:18,874 - DEBUG - Provider `faker.providers.profile` does not feature localization. Specified locale `en_US` is not utilized for this provider.
2024-06-18 10:42:18,874 - DEBUG - Provider `faker.providers.python` does not feature localization. Specified locale `en_US` is not utilized for this provider.
2024-06-18 10:42:18,874 - DEBUG - Provider `faker.providers.sbn` does not feature localization. Specified locale `en_US` is not utilized for this provider.
2024-06-18 10:42:18,874 - DEBUG - Looking for locale `en_US` in provider `faker.providers.ssn`.
2024-06-18 10:42:18,890 - DEBUG - Provider `faker.providers.ssn` has been localized to `en_US`.
2024-06-18 10:42:18,890 - DEBUG - Provider `faker.providers.user_agent` does not feature localization. Specified locale `en_US` is not utilized for this provider.
2024-06-18 10:42:18,890 - INFO - Loading dummy data for 10 records
2024-06-18 10:42:18,896 - DEBUG - Using proactor: IocpProactor
2024-06-18 10:42:18,947 - INFO - Generating dummy data for 10 records
2024-06-18 10:42:18,947 - INFO - Creating register request for account type: merchant
2024-06-18 10:42:18,947 - INFO - Registering account: email='vgonzalez@example.com' password='password' phone_number='001-364-778-3089' account_type=<AccountType.MERCHANT: 'merchant'> first_name='' last_name='' ABN='8128847888370' company_name='Phillips, Ramsey and Gallegos'
2024-06-18 10:42:18,962 - WARNING - (trapped) error reading bcrypt version
Traceback (most recent call last):
  File "C:\Users\bensy\AppData\Local\Programs\Python\Python310\lib\site-packages\passlib\handlers\bcrypt.py", line 620, in _load_backend_mixin
    version = _bcrypt.__about__.__version__
AttributeError: module 'bcrypt' has no attribute '__about__'
2024-06-18 10:42:18,962 - DEBUG - detected 'bcrypt' backend, version '<unknown>'
2024-06-18 10:42:18,962 - DEBUG - 'bcrypt' backend lacks $2$ support, enabling workaround
2024-06-18 10:42:19,217 - INFO - HTTP Request: POST http://testserver/auth/register "HTTP/1.1 200 OK"
2024-06-18 10:42:19,217 - INFO - Account registered successfully: {'token': {'access_token': 'eyJhbGciOiJIUzI1NiIsInR5cCI6IkpXVCJ9.eyJzdWIiOiJ2Z29uemFsZXpAZXhhbXBsZS5jb20iLCJleHAiOjE3MTg2NzMxMzl9.GCBAoML10HT6LSH9L--GmZ5MzZe5blGyoN5PSYBh8yU', 'token_type': 'bearer'}, 'account': {'email': 'vgonzalez@example.com', 'password': '$2b$12$/9LptAw7xWiKtjp6dprXRO8Zthag.j/rAsNaMKkiA4DlDO/lhrGWS', 'phone_number': '001-364-778-3089', 'account_type': 'merchant', 'account_id': 1, 'wallet': {'wallet_id': 1, 'account_id': 1, 'ap_points': 0}}}
2024-06-18 10:42:19,217 - INFO - Creating card data
2024-06-18 10:42:19,217 - INFO - Adding card to wallet: {'card_number': '587691779223', 'card_expiry': '04/28', 'card_cvv': '099'}
2024-06-18 10:42:19,217 - INFO - HTTP Request: POST http://testserver/cards/addcard "HTTP/1.1 200 OK"
2024-06-18 10:42:19,217 - INFO - Card added to wallet successfully
2024-06-18 10:42:19,217 - INFO - Creating register request for account type: merchant
2024-06-18 10:42:19,217 - INFO - Registering account: email='carolynburns@example.net' password='password' phone_number='(578)746-9534' account_type=<AccountType.MERCHANT: 'merchant'> first_name='' last_name='' ABN='2852402632768' company_name='Vincent, Howe and Rice'
2024-06-18 10:42:19,469 - INFO - HTTP Request: POST http://testserver/auth/register "HTTP/1.1 200 OK"
2024-06-18 10:42:19,469 - INFO - Account registered successfully: {'token': {'access_token': 'eyJhbGciOiJIUzI1NiIsInR5cCI6IkpXVCJ9.eyJzdWIiOiJjYXJvbHluYnVybnNAZXhhbXBsZS5uZXQiLCJleHAiOjE3MTg2NzMxMzl9.kxqlM3i_t0DFaoJW8aHLJq6T_33yMEtgZqPi-bCUMXA', 'token_type': 'bearer'}, 'account': {'email': 'carolynburns@example.net', 'password': '$2b$12$sF2olZBCwhFQLjxndGQcIOsZBZJia8vgGoiKuGGusya91DuFndDka', 'phone_number': '(578)746-9534', 'account_type': 'merchant', 'account_id': 2, 'wallet': {'wallet_id': 2, 'account_id': 2, 'ap_points': 0}}}
2024-06-18 10:42:19,469 - INFO - Creating card data
2024-06-18 10:42:19,469 - INFO - Adding card to wallet: {'card_number': '4230063430721813', 'card_expiry': '07/31', 'card_cvv': '898'}
2024-06-18 10:42:19,478 - INFO - HTTP Request: POST http://testserver/cards/addcard "HTTP/1.1 200 OK"
2024-06-18 10:42:19,478 - INFO - Card added to wallet successfully
2024-06-18 10:42:19,478 - INFO - Creating register request for account type: user
2024-06-18 10:42:19,479 - INFO - Registering account: email='juliarussell@example.com' password='password' phone_number='001-675-949-5361x3810' account_type=<AccountType.USER: 'user'> first_name='Joseph' last_name='Callahan' ABN='' company_name=''
2024-06-18 10:42:19,713 - INFO - HTTP Request: POST http://testserver/auth/register "HTTP/1.1 200 OK"
2024-06-18 10:42:19,713 - INFO - Account registered successfully: {'token': {'access_token': 'eyJhbGciOiJIUzI1NiIsInR5cCI6IkpXVCJ9.eyJzdWIiOiJqdWxpYXJ1c3NlbGxAZXhhbXBsZS5jb20iLCJleHAiOjE3MTg2NzMxMzl9.RjNA36I2CI96urkfBcaY8YsjZDxTTKFcvv7qs2ff8NI', 'token_type': 'bearer'}, 'account': {'email': 'juliarussell@example.com', 'password': '$2b$12$bwXIYIZ/cNQxpxPn4b64lulBmmedr3D4iwdU0BjSF6ezYZvd8vVlu', 'phone_number': '001-675-949-5361x3810', 'account_type': 'user', 'account_id': 3, 'wallet': {'wallet_id': 3, 'account_id': 3, 'ap_points': 0}}}
2024-06-18 10:42:19,714 - INFO - Creating card data
2024-06-18 10:42:19,714 - INFO - Adding card to wallet: {'card_number': '30286447360651', 'card_expiry': '01/26', 'card_cvv': '655'}
2024-06-18 10:42:19,720 - INFO - HTTP Request: POST http://testserver/cards/addcard "HTTP/1.1 200 OK"
2024-06-18 10:42:19,720 - INFO - Card added to wallet successfully
2024-06-18 10:42:19,720 - INFO - Creating register request for account type: merchant
2024-06-18 10:42:19,721 - INFO - Registering account: email='bryan40@example.net' password='password' phone_number='(541)998-8893x34830' account_type=<AccountType.MERCHANT: 'merchant'> first_name='' last_name='' ABN='3272203806991' company_name='Bailey Inc'
2024-06-18 10:42:19,945 - INFO - HTTP Request: POST http://testserver/auth/register "HTTP/1.1 200 OK"
2024-06-18 10:42:19,945 - INFO - Account registered successfully: {'token': {'access_token': 'eyJhbGciOiJIUzI1NiIsInR5cCI6IkpXVCJ9.eyJzdWIiOiJicnlhbjQwQGV4YW1wbGUubmV0IiwiZXhwIjoxNzE4NjczMTM5fQ.cjIaRpN89xTkIURajFix1MVCMwNWCYNF4JpMPfPHH8A', 'token_type': 'bearer'}, 'account': {'email': 'bryan40@example.net', 'password': '$2b$12$VVCTOEI6FxwVOhicW/rQaelIF7svZoGhrm5e18qMSAbthB2SbGGvG', 'phone_number': '(541)998-8893x34830', 'account_type': 'merchant', 'account_id': 4, 'wallet': {'wallet_id': 4, 'account_id': 4, 'ap_points': 0}}}
2024-06-18 10:42:19,945 - INFO - Creating card data
2024-06-18 10:42:19,945 - INFO - Adding card to wallet: {'card_number': '347618612209867', 'card_expiry': '10/33', 'card_cvv': '507'}
2024-06-18 10:42:19,963 - INFO - HTTP Request: POST http://testserver/cards/addcard "HTTP/1.1 200 OK"
2024-06-18 10:42:19,963 - INFO - Card added to wallet successfully
2024-06-18 10:42:19,963 - INFO - Creating register request for account type: user
2024-06-18 10:42:19,963 - INFO - Registering account: email='vsolis@example.com' password='password' phone_number='001-518-930-9347x939' account_type=<AccountType.USER: 'user'> first_name='Amy' last_name='Taylor' ABN='' company_name=''
2024-06-18 10:42:20,191 - INFO - HTTP Request: POST http://testserver/auth/register "HTTP/1.1 200 OK"
2024-06-18 10:42:20,191 - INFO - Account registered successfully: {'token': {'access_token': 'eyJhbGciOiJIUzI1NiIsInR5cCI6IkpXVCJ9.eyJzdWIiOiJ2c29saXNAZXhhbXBsZS5jb20iLCJleHAiOjE3MTg2NzMxNDB9.90k2z2jYOUU4Pu0pwMmUyAswDbceyQk29DYIwlqeg9k', 'token_type': 'bearer'}, 'account': {'email': 'vsolis@example.com', 'password': '$2b$12$2.vPkFt1qb7hf0/GYJkYO.wl7eqaxUPX46/ZE2L48oauacIHZ44SS', 'phone_number': '001-518-930-9347x939', 'account_type': 'user', 'account_id': 5, 'wallet': {'wallet_id': 5, 'account_id': 5, 'ap_points': 0}}}
2024-06-18 10:42:20,191 - INFO - Creating card data
2024-06-18 10:42:20,191 - INFO - Adding card to wallet: {'card_number': '213155143316870', 'card_expiry': '04/25', 'card_cvv': '098'}
2024-06-18 10:42:20,199 - INFO - HTTP Request: POST http://testserver/cards/addcard "HTTP/1.1 200 OK"
2024-06-18 10:42:20,199 - INFO - Card added to wallet successfully
2024-06-18 10:42:20,199 - INFO - Creating register request for account type: user
2024-06-18 10:42:20,199 - INFO - Registering account: email='jennaduarte@example.net' password='password' phone_number='(975)831-6866' account_type=<AccountType.USER: 'user'> first_name='Michelle' last_name='Davis' ABN='' company_name=''
2024-06-18 10:42:20,419 - INFO - HTTP Request: POST http://testserver/auth/register "HTTP/1.1 200 OK"
2024-06-18 10:42:20,419 - INFO - Account registered successfully: {'token': {'access_token': 'eyJhbGciOiJIUzI1NiIsInR5cCI6IkpXVCJ9.eyJzdWIiOiJqZW5uYWR1YXJ0ZUBleGFtcGxlLm5ldCIsImV4cCI6MTcxODY3MzE0MH0.r6KSCW_LxDOdHL9YJYUROI7fHx3bsyk6oRz9JOTSzA4', 'token_type': 'bearer'}, 'account': {'email': 'jennaduarte@example.net', 'password': '$2b$12$7VHIiz7QC47TG3iqrbwgMO04Z3sCZL7dQ7ydBrv33T7UFu1bBuzPi', 'phone_number': '(975)831-6866', 'account_type': 'user', 'account_id': 6, 'wallet': {'wallet_id': 6, 'account_id': 6, 'ap_points': 0}}}
2024-06-18 10:42:20,419 - INFO - Creating card data
2024-06-18 10:42:20,419 - INFO - Adding card to wallet: {'card_number': '4445293272040276', 'card_expiry': '03/32', 'card_cvv': '702'}
2024-06-18 10:42:20,430 - INFO - HTTP Request: POST http://testserver/cards/addcard "HTTP/1.1 200 OK"
2024-06-18 10:42:20,430 - INFO - Card added to wallet successfully
2024-06-18 10:42:20,430 - INFO - Creating register request for account type: user
2024-06-18 10:42:20,430 - INFO - Registering account: email='abeard@example.org' password='password' phone_number='+1-871-579-6886x0874' account_type=<AccountType.USER: 'user'> first_name='Omar' last_name='Freeman' ABN='' company_name=''
2024-06-18 10:42:20,663 - INFO - HTTP Request: POST http://testserver/auth/register "HTTP/1.1 200 OK"
2024-06-18 10:42:20,663 - INFO - Account registered successfully: {'token': {'access_token': 'eyJhbGciOiJIUzI1NiIsInR5cCI6IkpXVCJ9.eyJzdWIiOiJhYmVhcmRAZXhhbXBsZS5vcmciLCJleHAiOjE3MTg2NzMxNDB9.qAPhMZsN3MFml_a7H6HwdqHwszsxw3y_baZ0zcXNja4', 'token_type': 'bearer'}, 'account': {'email': 'abeard@example.org', 'password': '$2b$12$PLKxE6SroYZCffHheHm0EuiTjjT9GerkdXro1nE3hZhLLHxTXSQ22', 'phone_number': '+1-871-579-6886x0874', 'account_type': 'user', 'account_id': 7, 'wallet': {'wallet_id': 7, 'account_id': 7, 'ap_points': 0}}}
2024-06-18 10:42:20,663 - INFO - Creating card data
2024-06-18 10:42:20,663 - INFO - Adding card to wallet: {'card_number': '3552387931118456', 'card_expiry': '01/33', 'card_cvv': '107'}
2024-06-18 10:42:20,663 - INFO - HTTP Request: POST http://testserver/cards/addcard "HTTP/1.1 200 OK"
2024-06-18 10:42:20,663 - INFO - Card added to wallet successfully
2024-06-18 10:42:20,663 - INFO - Creating register request for account type: user
2024-06-18 10:42:20,663 - INFO - Registering account: email='amandahawkins@example.net' password='password' phone_number='621.973.8365x06473' account_type=<AccountType.USER: 'user'> first_name='Christopher' last_name='Buckley' ABN='' company_name=''
2024-06-18 10:42:20,892 - INFO - HTTP Request: POST http://testserver/auth/register "HTTP/1.1 200 OK"
2024-06-18 10:42:20,892 - INFO - Account registered successfully: {'token': {'access_token': 'eyJhbGciOiJIUzI1NiIsInR5cCI6IkpXVCJ9.eyJzdWIiOiJhbWFuZGFoYXdraW5zQGV4YW1wbGUubmV0IiwiZXhwIjoxNzE4NjczMTQwfQ.sWmkaW7slEhfuCS5WBjQuh1DOp-pUge2UNz_GNablQY', 'token_type': 'bearer'}, 'account': {'email': 'amandahawkins@example.net', 'password': '$2b$12$j/SZuH/azf47t4edM157KuNEPY0ttJpmEwVjfyLxckRqAv2ddwtqW', 'phone_number': '621.973.8365x06473', 'account_type': 'user', 'account_id': 8, 'wallet': {'wallet_id': 8, 'account_id': 8, 'ap_points': 0}}}
2024-06-18 10:42:20,892 - INFO - Creating card data
2024-06-18 10:42:20,892 - INFO - Adding card to wallet: {'card_number': '342681203419712', 'card_expiry': '10/29', 'card_cvv': '285'}
2024-06-18 10:42:20,908 - INFO - HTTP Request: POST http://testserver/cards/addcard "HTTP/1.1 200 OK"
2024-06-18 10:42:20,908 - INFO - Card added to wallet successfully
2024-06-18 10:42:20,908 - INFO - Creating register request for account type: merchant
2024-06-18 10:42:20,908 - INFO - Registering account: email='john28@example.org' password='password' phone_number='4503874098' account_type=<AccountType.MERCHANT: 'merchant'> first_name='' last_name='' ABN='1552032346147' company_name='Pitts Inc'
2024-06-18 10:42:21,129 - INFO - HTTP Request: POST http://testserver/auth/register "HTTP/1.1 200 OK"
2024-06-18 10:42:21,129 - INFO - Account registered successfully: {'token': {'access_token': 'eyJhbGciOiJIUzI1NiIsInR5cCI6IkpXVCJ9.eyJzdWIiOiJqb2huMjhAZXhhbXBsZS5vcmciLCJleHAiOjE3MTg2NzMxNDF9.HZge-OOpxknIhLnczovuuBVAWU4mEP6HW17UcVahBY4', 'token_type': 'bearer'}, 'account': {'email': 'john28@example.org', 'password': '$2b$12$cySWG1u1UxuctKKpUakriOoMPTTccI1ECb2b8Mmq6s4kM/kzUo/da', 'phone_number': '4503874098', 'account_type': 'merchant', 'account_id': 9, 'wallet': {'wallet_id': 9, 'account_id': 9, 'ap_points': 0}}}
2024-06-18 10:42:21,129 - INFO - Creating card data
2024-06-18 10:42:21,129 - INFO - Adding card to wallet: {'card_number': '377124067832090', 'card_expiry': '09/24', 'card_cvv': '655'}
2024-06-18 10:42:21,135 - INFO - HTTP Request: POST http://testserver/cards/addcard "HTTP/1.1 200 OK"
2024-06-18 10:42:21,135 - INFO - Card added to wallet successfully
2024-06-18 10:42:21,135 - INFO - Creating register request for account type: merchant
2024-06-18 10:42:21,135 - INFO - Registering account: email='glennsmith@example.org' password='password' phone_number='(966)828-2735' account_type=<AccountType.MERCHANT: 'merchant'> first_name='' last_name='' ABN='0678729588864' company_name='Robertson-Luna'
2024-06-18 10:42:21,366 - INFO - HTTP Request: POST http://testserver/auth/register "HTTP/1.1 200 OK"
2024-06-18 10:42:21,366 - INFO - Account registered successfully: {'token': {'access_token': 'eyJhbGciOiJIUzI1NiIsInR5cCI6IkpXVCJ9.eyJzdWIiOiJnbGVubnNtaXRoQGV4YW1wbGUub3JnIiwiZXhwIjoxNzE4NjczMTQxfQ.X0aLulXqcANMAys2x6o6jI71nLuA8Qh-5ksJJQ8RA6k', 'token_type': 'bearer'}, 'account': {'email': 'glennsmith@example.org', 'password': '$2b$12$cja5p5fvnBca8sudLfxeYufXe1hM6L2n9H59.La3HQ5e7dS.cW06S', 'phone_number': '(966)828-2735', 'account_type': 'merchant', 'account_id': 10, 'wallet': {'wallet_id': 10, 'account_id': 10, 'ap_points': 0}}}
2024-06-18 10:42:21,366 - INFO - Creating card data
2024-06-18 10:42:21,366 - INFO - Adding card to wallet: {'card_number': '3526215345011731', 'card_expiry': '11/31', 'card_cvv': '381'}
2024-06-18 10:42:21,372 - INFO - HTTP Request: POST http://testserver/cards/addcard "HTTP/1.1 200 OK"
2024-06-18 10:42:21,372 - INFO - Card added to wallet successfully
2024-06-18 10:42:21,372 - DEBUG - Using proactor: IocpProactor
2024-06-18 10:42:21,372 - INFO - Registering account: email='beza@example.com' password='Password1' phone_number='403.842.5807' account_type=<AccountType.USER: 'user'> first_name='Beza' last_name='Charles' ABN='' company_name=''
2024-06-18 10:42:21,599 - INFO - HTTP Request: POST http://testserver/auth/register "HTTP/1.1 200 OK"
2024-06-18 10:42:21,599 - INFO - Account registered successfully: {'token': {'access_token': 'eyJhbGciOiJIUzI1NiIsInR5cCI6IkpXVCJ9.eyJzdWIiOiJiZXphQGV4YW1wbGUuY29tIiwiZXhwIjoxNzE4NjczMTQxfQ.ictbbmUGtj_VKaHbvwZwh3i-DRnQElnWRREsEBwylyQ', 'token_type': 'bearer'}, 'account': {'email': 'beza@example.com', 'password': '$2b$12$tb9O7Dli54RXLjf4USsp9.gZi0CErIWm5Hom2fJb98Q4p0wSu/E9q', 'phone_number': '403.842.5807', 'account_type': 'user', 'account_id': 11, 'wallet': {'wallet_id': 11, 'account_id': 11, 'ap_points': 0}}}
2024-06-18 10:42:21,599 - INFO - Registering account: email='robert@example.com' password='Password1' phone_number='673-540-2993x919' account_type=<AccountType.USER: 'user'> first_name='Robert' last_name='Donald' ABN='' company_name=''
2024-06-18 10:42:21,821 - INFO - HTTP Request: POST http://testserver/auth/register "HTTP/1.1 200 OK"
2024-06-18 10:42:21,821 - INFO - Account registered successfully: {'token': {'access_token': 'eyJhbGciOiJIUzI1NiIsInR5cCI6IkpXVCJ9.eyJzdWIiOiJyb2JlcnRAZXhhbXBsZS5jb20iLCJleHAiOjE3MTg2NzMxNDF9.7FZaGR_787H58O4Zxr3FOjyA879U-2DWiTxuDW_EKfI', 'token_type': 'bearer'}, 'account': {'email': 'robert@example.com', 'password': '$2b$12$1riLB7TdE1zrWh1BkeBq5..KbXyJevJLj8jpcxwn4U5HISMU0kyK.', 'phone_number': '673-540-2993x919', 'account_type': 'user', 'account_id': 12, 'wallet': {'wallet_id': 12, 'account_id': 12, 'ap_points': 0}}}
2024-06-18 10:42:21,821 - INFO - Registering account: email='lorascafe@example.com' password='Password1' phone_number='370-730-6340' account_type=<AccountType.MERCHANT: 'merchant'> first_name='' last_name='' ABN='8320270983474' company_name="Lora's Cafe"
2024-06-18 10:42:22,046 - INFO - HTTP Request: POST http://testserver/auth/register "HTTP/1.1 200 OK"
2024-06-18 10:42:22,046 - INFO - Account registered successfully: {'token': {'access_token': 'eyJhbGciOiJIUzI1NiIsInR5cCI6IkpXVCJ9.eyJzdWIiOiJsb3Jhc2NhZmVAZXhhbXBsZS5jb20iLCJleHAiOjE3MTg2NzMxNDJ9.NtQJZfBAz83TCdM7BPWf6TwE6ipC7m_WYmateFMVE-Q', 'token_type': 'bearer'}, 'account': {'email': 'lorascafe@example.com', 'password': '$2b$12$TyWJx0S.Lp5oqs7e7JWace6tGDvcZGtJNMLmCyS26CF0Il8WReeQC', 'phone_number': '370-730-6340', 'account_type': 'merchant', 'account_id': 13, 'wallet': {'wallet_id': 13, 'account_id': 13, 'ap_points': 0}}}
2024-06-18 10:42:22,046 - INFO - Registering account: email='matthew@example.com' password='Password1' phone_number='877.453.8055' account_type=<AccountType.USER: 'user'> first_name='Matthew' last_name='Chanco' ABN='' company_name=''
2024-06-18 10:42:22,276 - INFO - HTTP Request: POST http://testserver/auth/register "HTTP/1.1 200 OK"
2024-06-18 10:42:22,277 - INFO - Account registered successfully: {'token': {'access_token': 'eyJhbGciOiJIUzI1NiIsInR5cCI6IkpXVCJ9.eyJzdWIiOiJtYXR0aGV3QGV4YW1wbGUuY29tIiwiZXhwIjoxNzE4NjczMTQyfQ.w_KSxoeC3bbH5XwEwvGyhd0OV8BmK3zgi8On0QsZEw0', 'token_type': 'bearer'}, 'account': {'email': 'matthew@example.com', 'password': '$2b$12$Ldc5PxA0SA/3Jw3gr2pUYOwzEfNPk1dl0zW82iQ6lTXts7aq9VL3m', 'phone_number': '877.453.8055', 'account_type': 'user', 'account_id': 14, 'wallet': {'wallet_id': 14, 'account_id': 14, 'ap_points': 0}}}
2024-06-18 10:42:22,277 - INFO - Registering card: card_number='9987539148831881' card_expiry='10/29' card_cvv='411' wallet_id=14
2024-06-18 10:42:22,281 - INFO - HTTP Request: POST http://testserver/cards/addcard "HTTP/1.1 200 OK"
2024-06-18 10:42:22,281 - INFO - Card registered successfully
2024-06-18 10:42:22,281 - INFO - Registering account: email='coles@example.com' password='Password1' phone_number='6492186125' account_type=<AccountType.MERCHANT: 'merchant'> first_name='' last_name='' ABN='3416215239054' company_name='Coles'
2024-06-18 10:42:22,501 - INFO - HTTP Request: POST http://testserver/auth/register "HTTP/1.1 200 OK"
2024-06-18 10:42:22,501 - INFO - Account registered successfully: {'token': {'access_token': 'eyJhbGciOiJIUzI1NiIsInR5cCI6IkpXVCJ9.eyJzdWIiOiJjb2xlc0BleGFtcGxlLmNvbSIsImV4cCI6MTcxODY3MzE0Mn0.xfBKiHOUOihFYBnRF-AFBehPmq7V43kx4C_teaCplhY', 'token_type': 'bearer'}, 'account': {'email': 'coles@example.com', 'password': '$2b$12$Ms7F3BSdTubzBYMneIzufuZkATJNGdTjCr0BvevtJsrZ0QX3Gpslu', 'phone_number': '6492186125', 'account_type': 'merchant', 'account_id': 15, 'wallet': {'wallet_id': 15, 'account_id': 15, 'ap_points': 0}}}
2024-06-18 10:42:22,501 - INFO - Registering account: email='woolworths@example.com' password='Password1' phone_number='767-487-0902x9264' account_type=<AccountType.MERCHANT: 'merchant'> first_name='' last_name='' ABN='6201316081768' company_name="Woolworth's"
2024-06-18 10:42:22,721 - INFO - HTTP Request: POST http://testserver/auth/register "HTTP/1.1 200 OK"
2024-06-18 10:42:22,721 - INFO - Account registered successfully: {'token': {'access_token': 'eyJhbGciOiJIUzI1NiIsInR5cCI6IkpXVCJ9.eyJzdWIiOiJ3b29sd29ydGhzQGV4YW1wbGUuY29tIiwiZXhwIjoxNzE4NjczMTQyfQ.SwaPl3wyL6LhybTUqoorDFhaAiDIwzN4m7AQWmdl0u8', 'token_type': 'bearer'}, 'account': {'email': 'woolworths@example.com', 'password': '$2b$12$yzBTMux4WYWYqAb402FAbel2Xf8gRqYMyHjSCmW8qP1p0c1EnjWoi', 'phone_number': '767-487-0902x9264', 'account_type': 'merchant', 'account_id': 16, 'wallet': {'wallet_id': 16, 'account_id': 16, 'ap_points': 0}}}
2024-06-18 10:42:22,721 - INFO - Creating transaction data
2024-06-18 10:42:22,723 - INFO - Creating transaction data
2024-06-18 10:42:22,723 - INFO - Creating transaction data
2024-06-18 10:42:22,723 - INFO - Creating transaction data
2024-06-18 10:42:22,723 - INFO - Creating transaction data
2024-06-18 10:42:22,723 - INFO - Creating transaction data
2024-06-18 10:42:22,723 - INFO - Creating transaction data
2024-06-18 10:42:22,723 - INFO - Creating transaction data
2024-06-18 10:42:22,723 - INFO - Creating transaction data
2024-06-18 10:42:22,723 - INFO - Creating transaction data
2024-06-18 10:42:22,723 - INFO - Creating transaction data
2024-06-18 10:42:22,723 - INFO - Creating transaction data
2024-06-18 10:42:22,723 - INFO - Creating transaction data
2024-06-18 10:42:22,723 - INFO - Creating transaction data
2024-06-18 10:42:22,723 - INFO - Creating transaction data
2024-06-18 10:42:22,723 - INFO - Creating transaction data
2024-06-18 10:42:22,723 - INFO - Creating transaction data
2024-06-18 10:42:22,723 - INFO - Creating transaction data
2024-06-18 10:42:22,723 - INFO - Creating transaction data
2024-06-18 10:42:22,723 - INFO - Creating transaction data
2024-06-18 10:42:22,723 - INFO - Creating transaction data
2024-06-18 10:42:22,723 - INFO - Creating transaction data
2024-06-18 10:42:22,723 - INFO - Creating transaction data
2024-06-18 10:42:22,723 - INFO - Creating transaction data
2024-06-18 10:42:22,723 - INFO - Creating transaction data
2024-06-18 10:42:22,723 - INFO - Creating transaction data
2024-06-18 10:42:22,723 - INFO - Creating transaction data
2024-06-18 10:42:22,723 - INFO - Creating transaction data
2024-06-18 10:42:22,723 - INFO - Creating transaction data
2024-06-18 10:42:22,723 - INFO - Creating transaction data
2024-06-18 10:42:22,723 - INFO - Creating transaction data
2024-06-18 10:42:22,723 - INFO - Creating transaction data
2024-06-18 10:42:22,723 - INFO - Creating transaction data
2024-06-18 10:42:22,723 - INFO - Creating transaction data
2024-06-18 10:42:22,723 - INFO - Creating transaction data
2024-06-18 10:42:22,723 - INFO - Creating transaction data
2024-06-18 10:42:22,723 - INFO - Creating transaction data
2024-06-18 10:42:22,723 - INFO - Creating transaction data
2024-06-18 10:42:22,723 - INFO - Creating transaction data
2024-06-18 10:42:22,723 - INFO - Creating transaction data
2024-06-18 10:42:22,723 - INFO - Creating transaction data
2024-06-18 10:42:22,723 - INFO - Creating transaction data
2024-06-18 10:42:22,723 - INFO - Creating transaction data
2024-06-18 10:42:22,723 - INFO - Creating transaction data
2024-06-18 10:42:22,723 - INFO - Creating transaction data
2024-06-18 10:42:22,723 - INFO - Creating transaction data
2024-06-18 10:42:22,723 - INFO - Creating transaction data
2024-06-18 10:42:22,723 - INFO - Creating transaction data
2024-06-18 10:42:22,723 - INFO - Creating transaction data
2024-06-18 10:42:22,723 - INFO - Creating transaction data
2024-06-18 10:42:22,723 - INFO - Creating transaction data
2024-06-18 10:42:22,723 - INFO - Creating transaction data
2024-06-18 10:42:22,723 - INFO - Creating transaction data
2024-06-18 10:42:22,723 - INFO - Creating transaction data
2024-06-18 10:42:22,723 - INFO - Creating transaction data
2024-06-18 10:42:22,723 - INFO - Creating transaction data
2024-06-18 10:42:22,723 - INFO - Creating transaction data
2024-06-18 10:42:22,723 - INFO - Creating transaction data
2024-06-18 10:42:22,723 - INFO - Creating transaction data
2024-06-18 10:42:22,723 - INFO - Creating transaction data
2024-06-18 10:42:22,723 - INFO - Creating transaction data
2024-06-18 10:42:22,723 - INFO - Creating transaction data
2024-06-18 10:42:22,723 - INFO - Creating transaction data
2024-06-18 10:42:22,723 - INFO - Creating transaction data
2024-06-18 10:42:22,723 - INFO - Creating transaction data
2024-06-18 10:42:22,723 - INFO - Creating transaction data
2024-06-18 10:42:22,723 - INFO - Creating transaction data
2024-06-18 10:42:22,723 - INFO - Creating transaction data
2024-06-18 10:42:22,723 - INFO - Creating transaction data
2024-06-18 10:42:22,723 - INFO - Creating transaction data
2024-06-18 10:42:22,723 - INFO - Creating transaction data
2024-06-18 10:42:22,723 - INFO - Creating transaction data
2024-06-18 10:42:22,723 - INFO - Creating transaction data
2024-06-18 10:42:22,723 - INFO - Creating transaction data
2024-06-18 10:42:22,723 - INFO - Creating transaction data
2024-06-18 10:42:22,723 - INFO - Creating transaction data
2024-06-18 10:42:22,723 - INFO - Creating transaction data
2024-06-18 10:42:22,723 - INFO - Creating transaction data
2024-06-18 10:42:22,723 - INFO - Creating transaction data
2024-06-18 10:42:22,723 - INFO - Creating transaction data
2024-06-18 10:42:22,723 - INFO - Creating transaction data
2024-06-18 10:42:22,723 - INFO - Creating transaction data
2024-06-18 10:42:22,723 - INFO - Creating transaction data
2024-06-18 10:42:22,723 - INFO - Creating transaction data
2024-06-18 10:42:22,723 - INFO - Creating transaction data
2024-06-18 10:42:22,723 - INFO - Creating transaction data
2024-06-18 10:42:22,723 - INFO - Creating transaction data
2024-06-18 10:42:22,729 - INFO - Creating transaction data
2024-06-18 10:42:22,729 - INFO - Creating transaction data
2024-06-18 10:42:22,729 - INFO - Creating transaction data
2024-06-18 10:42:22,729 - INFO - Creating transaction data
2024-06-18 10:42:22,729 - INFO - Creating transaction data
2024-06-18 10:42:22,729 - INFO - Creating transaction data
2024-06-18 10:42:22,729 - INFO - Creating transaction data
2024-06-18 10:42:22,729 - INFO - Creating transaction data
2024-06-18 10:42:22,729 - INFO - Creating transaction data
2024-06-18 10:42:22,729 - INFO - Creating transaction data
2024-06-18 10:42:22,730 - INFO - Creating transaction data
2024-06-18 10:42:22,730 - INFO - Creating transaction data
2024-06-18 10:42:22,730 - INFO - Creating transaction data
2024-06-18 10:42:22,763 - INFO - HTTP Request: POST http://testserver/transactions/addtransactions "HTTP/1.1 200 OK"
2024-06-18 10:42:22,763 - INFO - Transactions added successfully
